[18-Oct-2021 00:19:33] NOTICE: fpm is running, pid 37736
[18-Oct-2021 00:19:33] NOTICE: ready to handle connections
[18-Oct-2021 00:31:01] NOTICE: Terminating ...
[18-Oct-2021 00:31:01] NOTICE: Terminating ...
[18-Oct-2021 00:31:01] NOTICE: exiting, bye-bye!
[23-Oct-2021 17:09:07] NOTICE: fpm is running, pid 5526
[23-Oct-2021 17:09:07] NOTICE: ready to handle connections
[13-Nov-2021 18:02:30] NOTICE: fpm is running, pid 19826
[13-Nov-2021 18:02:30] NOTICE: ready to handle connections
[13-Nov-2021 19:42:13] NOTICE: Terminating ...
[13-Nov-2021 19:42:13] NOTICE: Terminating ...
[13-Nov-2021 19:42:13] NOTICE: exiting, bye-bye!
[13-Nov-2021 19:42:31] NOTICE: fpm is running, pid 22351
[13-Nov-2021 19:42:31] NOTICE: ready to handle connections
[13-Nov-2021 21:32:13] NOTICE: Terminating ...
[13-Nov-2021 21:32:13] NOTICE: Terminating ...
[13-Nov-2021 21:32:13] NOTICE: exiting, bye-bye!
[17-Nov-2021 08:07:41] NOTICE: fpm is running, pid 3083
[17-Nov-2021 08:07:41] NOTICE: ready to handle connections
[17-Nov-2021 08:31:09] NOTICE: Terminating ...
[17-Nov-2021 08:31:09] NOTICE: Terminating ...
[17-Nov-2021 08:31:09] NOTICE: exiting, bye-bye!
[17-Nov-2021 15:35:54] NOTICE: fpm is running, pid 8580
[17-Nov-2021 15:35:54] NOTICE: ready to handle connections
[17-Nov-2021 15:40:00] NOTICE: Terminating ...
[17-Nov-2021 15:40:00] NOTICE: Terminating ...
[17-Nov-2021 15:40:00] NOTICE: exiting, bye-bye!
[30-Nov-2021 20:16:29] NOTICE: fpm is running, pid 58896
[30-Nov-2021 20:16:29] NOTICE: ready to handle connections
[30-Nov-2021 21:08:37] NOTICE: Terminating ...
[30-Nov-2021 21:08:37] NOTICE: Terminating ...
[30-Nov-2021 21:08:37] NOTICE: exiting, bye-bye!
[01-Dec-2021 15:34:38] NOTICE: fpm is running, pid 80962
[01-Dec-2021 15:34:38] NOTICE: ready to handle connections
[01-Dec-2021 17:49:55] NOTICE: Terminating ...
[01-Dec-2021 17:49:55] NOTICE: Terminating ...
[01-Dec-2021 17:49:55] NOTICE: exiting, bye-bye!
[09-Dec-2021 07:08:22] NOTICE: fpm is running, pid 39829
[09-Dec-2021 07:08:22] NOTICE: ready to handle connections
[09-Dec-2021 07:12:15] NOTICE: fpm is running, pid 22871
[09-Dec-2021 07:12:15] NOTICE: ready to handle connections
